<?xml version="1.0" encoding="UTF-8"?>
<testsuite xmlns:xsi="http://www.w3.org/2001/XMLSchema-instance" xsi:noNamespaceSchemaLocation="https://maven.apache.org/surefire/maven-surefire-plugin/xsd/surefire-test-report-3.0.xsd" version="3.0" name="med.voll.api.repository.MedicoRepositoryTest" time="5.922" tests="2" errors="0" skipped="0" failures="0">
  <properties>
[...]
</properties>
  <testcase name="seleccionarMedicoConEspecialidadEnFechaEscenario1" classname="med.voll.api.repository.MedicoRepositoryTest" time="0.675">
    <system-out><![CDATA[19:05:33.331 [main] INFO org.springframework.test.context.support.AnnotationConfigContextLoaderUtils -- Could not detect default configuration classes for test class [med.voll.api.repository.MedicoRepositoryTest]: MedicoRepositoryTest does not declare any static, non-private, non-final, nested classes annotated with @Configuration.
19:05:33.483 [main] INFO org.springframework.boot.test.context.SpringBootTestContextBootstrapper -- Found @SpringBootConfiguration med.voll.api.ApiApplication for test class med.voll.api.repository.MedicoRepositoryTest

  .   ____          _            __ _ _
 /\\ / ___'_ __ _ _(_)_ __  __ _ \ \ \ \
( ( )\___ | '_ | '_| | '_ \/ _` | \ \ \ \
 \\/  ___)| |_)| | | | | || (_| |  ) ) ) )
  '  |____| .__|_| |_|_| |_\__, | / / / /
 =========|_|==============|___/=/_/_/_/
 :: Spring Boot ::                (v3.1.4)

2024-04-23T19:05:33.935-05:00  INFO 11244 --- [           main] m.v.api.repository.MedicoRepositoryTest  : Starting MedicoRepositoryTest using Java 17.0.5 with PID 11244 (started by gvill in C:\Users\gvill\OneDrive\Escritorio\GerenciaProyectos\Spring\api)
2024-04-23T19:05:33.937-05:00  INFO 11244 --- [           main] m.v.api.repository.MedicoRepositoryTest  : The following 1 profile is active: "test"
2024-04-23T19:05:34.496-05:00  INFO 11244 --- [           main] .s.d.r.c.RepositoryConfigurationDelegate : Bootstrapping Spring Data JPA repositories in DEFAULT mode.
2024-04-23T19:05:34.584-05:00  INFO 11244 --- [           main] .s.d.r.c.RepositoryConfigurationDelegate : Finished Spring Data repository scanning in 76 ms. Found 4 JPA repository interfaces.
2024-04-23T19:05:35.012-05:00  INFO 11244 --- [           main] o.f.c.internal.license.VersionPrinter    : Flyway Community Edition 9.16.3 by Redgate
2024-04-23T19:05:35.012-05:00  INFO 11244 --- [           main] o.f.c.internal.license.VersionPrinter    : See release notes here: https://rd.gt/416ObMi
2024-04-23T19:05:35.012-05:00  INFO 11244 --- [           main] o.f.c.internal.license.VersionPrinter    : 
2024-04-23T19:05:35.023-05:00  INFO 11244 --- [           main] com.zaxxer.hikari.HikariDataSource       : HikariPool-1 - Starting...
2024-04-23T19:05:35.425-05:00  INFO 11244 --- [           main] com.zaxxer.hikari.pool.HikariPool        : HikariPool-1 - Added connection com.mysql.cj.jdbc.ConnectionImpl@7126e26
2024-04-23T19:05:35.426-05:00  INFO 11244 --- [           main] com.zaxxer.hikari.HikariDataSource       : HikariPool-1 - Start completed.
2024-04-23T19:05:35.469-05:00  INFO 11244 --- [           main] o.f.c.i.database.base.BaseDatabaseType   : Database: jdbc:mysql://localhost/vollmed_api_test (MySQL 8.0)
2024-04-23T19:05:35.523-05:00  INFO 11244 --- [           main] o.f.core.internal.command.DbValidate     : Successfully validated 8 migrations (execution time 00:00.030s)
2024-04-23T19:05:35.540-05:00  INFO 11244 --- [           main] o.f.core.internal.command.DbMigrate      : Current version of schema `vollmed_api_test`: 8
2024-04-23T19:05:35.541-05:00  INFO 11244 --- [           main] o.f.core.internal.command.DbMigrate      : Schema `vollmed_api_test` is up to date. No migration necessary.
2024-04-23T19:05:35.669-05:00  INFO 11244 --- [           main] o.hibernate.jpa.internal.util.LogHelper  : HHH000204: Processing PersistenceUnitInfo [name: default]
2024-04-23T19:05:35.775-05:00  INFO 11244 --- [           main] org.hibernate.Version                    : HHH000412: Hibernate ORM core version 6.2.9.Final
2024-04-23T19:05:35.777-05:00  INFO 11244 --- [           main] org.hibernate.cfg.Environment            : HHH000406: Using bytecode reflection optimizer
2024-04-23T19:05:35.980-05:00  INFO 11244 --- [           main] o.h.b.i.BytecodeProviderInitiator        : HHH000021: Bytecode provider name : bytebuddy
2024-04-23T19:05:36.144-05:00  INFO 11244 --- [           main] o.s.o.j.p.SpringPersistenceUnitInfo      : No LoadTimeWeaver setup: ignoring JPA class transformer
2024-04-23T19:05:36.444-05:00  INFO 11244 --- [           main] o.h.b.i.BytecodeProviderInitiator        : HHH000021: Bytecode provider name : bytebuddy
2024-04-23T19:05:37.135-05:00  INFO 11244 --- [           main] o.h.e.t.j.p.i.JtaPlatformInitiator       : HHH000490: Using JtaPlatform implementation: [org.hibernate.engine.transaction.jta.platform.internal.NoJtaPlatform]
2024-04-23T19:05:37.209-05:00  INFO 11244 --- [           main] j.LocalContainerEntityManagerFactoryBean : Initialized JPA EntityManagerFactory for persistence unit 'default'
2024-04-23T19:05:37.617-05:00  INFO 11244 --- [           main] o.s.d.j.r.query.QueryEnhancerFactory     : Hibernate is in classpath; If applicable, HQL parser will be used.
2024-04-23T19:05:38.307-05:00  INFO 11244 --- [           main] m.v.api.repository.MedicoRepositoryTest  : Started MedicoRepositoryTest in 4.749 seconds (process running for 5.891)
Hibernate: 
    insert 
    into
        medicos
        (activo,calle,ciudad,complemento,distrito,numero,documento,email,especialidad,nombre,telefono) 
    values
        (?,?,?,?,?,?,?,?,?,?,?)
Hibernate: 
    insert 
    into
        pacientes
        (activo,calle,ciudad,complemento,distrito,numero,documento,email,nombre,telefono) 
    values
        (?,?,?,?,?,?,?,?,?,?)
Hibernate: 
    insert 
    into
        consultas
        (data,medico_id,motivo_cancelamiento,paciente_id) 
    values
        (?,?,?,?)
Hibernate: 
    select
        m1_0.id,
        m1_0.activo,
        m1_0.calle,
        m1_0.ciudad,
        m1_0.complemento,
        m1_0.distrito,
        m1_0.numero,
        m1_0.documento,
        m1_0.email,
        m1_0.especialidad,
        m1_0.nombre,
        m1_0.telefono 
    from
        medicos m1_0 
    where
        m1_0.activo=1 
        and m1_0.especialidad=? 
        and m1_0.id not in(select
            c1_0.medico_id 
        from
            consultas c1_0 
        where
            c1_0.data=?) 
    order by
        rand() limit 1
]]></system-out>
  </testcase>
  <testcase name="seleccionarMedicoConEspecialidadEnFechaEscenario2" classname="med.voll.api.repository.MedicoRepositoryTest" time="0.019">
    <system-out><![CDATA[Hibernate: 
    insert 
    into
        medicos
        (activo,calle,ciudad,complemento,distrito,numero,documento,email,especialidad,nombre,telefono) 
    values
        (?,?,?,?,?,?,?,?,?,?,?)
Hibernate: 
    select
        m1_0.id,
        m1_0.activo,
        m1_0.calle,
        m1_0.ciudad,
        m1_0.complemento,
        m1_0.distrito,
        m1_0.numero,
        m1_0.documento,
        m1_0.email,
        m1_0.especialidad,
        m1_0.nombre,
        m1_0.telefono 
    from
        medicos m1_0 
    where
        m1_0.activo=1 
        and m1_0.especialidad=? 
        and m1_0.id not in(select
            c1_0.medico_id 
        from
            consultas c1_0 
        where
            c1_0.data=?) 
    order by
        rand() limit 1
]]></system-out>
  </testcase>
</testsuite>